[01m[K/home/straw/Documents/Spice/pink/src/water/src/auto_nav.cpp:[m[K In member function â€˜[01m[Knav_msgs::Path graph::astar_path(geometry_msgs::Pose, geometry_msgs::Pose)[m[Kâ€™:
[01m[K/home/straw/Documents/Spice/pink/src/water/src/auto_nav.cpp:70:11:[m[K [01;31m[Kerror: [m[Kâ€˜[01m[Kgeometry_msgs::PoseStamped[m[Kâ€™ {aka â€˜[01m[Kstruct geometry_msgs::PoseStamped_<std::allocator<void> >[m[Kâ€™} has no member named â€˜[01m[Kstamp[m[Kâ€™
   70 |      pose.[01;31m[Kstamp[m[K = ros::Time::now();
      |           [01;31m[K^~~~~[m[K
[01m[K/home/straw/Documents/Spice/pink/src/water/src/auto_nav.cpp:[m[K In member function â€˜[01m[Kvoid start::get_goal(const ConstPtr&)[m[Kâ€™:
[01m[K/home/straw/Documents/Spice/pink/src/water/src/auto_nav.cpp:228:8:[m[K [01;31m[Kerror: [m[Kâ€˜[01m[Knav_msgs::Path[m[Kâ€™ {aka â€˜[01m[Kstruct nav_msgs::Path_<std::allocator<void> >[m[Kâ€™} has no member named â€˜[01m[Kstamp[m[Kâ€™
  228 |   path.[01;31m[Kstamp[m[K = ros::Time::now();
      |        [01;31m[K^~~~~[m[K
make[2]: *** [CMakeFiles/autonav.dir/build.make:63: CMakeFiles/autonav.dir/src/auto_nav.cpp.o] Error 1
make[1]: *** [CMakeFiles/Makefile2:209: CMakeFiles/autonav.dir/all] Error 2
make: *** [Makefile:141: all] Error 2
