[01m[K/home/straw/Documents/Spice/pink/src/water/src/auto_nav.cpp:[m[K In member function â€˜[01m[Kvoid main::run(int)[m[Kâ€™:
[01m[K/home/straw/Documents/Spice/pink/src/water/src/auto_nav.cpp:14:15:[m[K [01;31m[Kerror: [m[Kâ€˜[01m[Kclass ros::AsyncSpinner[m[Kâ€™ has no member named â€˜[01m[Kmain[m[Kâ€™
   14 | #define start [01;31m[Kmain[m[K
      |               [01;31m[K^~~~[m[K
[01m[K/home/straw/Documents/Spice/pink/src/water/src/auto_nav.cpp:14:15:[m[K [01;36m[Knote: [m[Kin definition of macro â€˜[01m[Kstart[m[Kâ€™
   14 | #define start [01;36m[Kmain[m[K
      |               [01;36m[K^~~~[m[K
[01m[K/home/straw/Documents/Spice/pink/src/water/src/auto_nav.cpp:[m[K In function â€˜[01m[Kint main(int, char**)[m[Kâ€™:
[01m[K/home/straw/Documents/Spice/pink/src/water/src/auto_nav.cpp:41:6:[m[K [01;31m[Kerror: [m[Kexpected â€˜[01m[K;[m[Kâ€™ before â€˜[01m[Kcontrol[m[Kâ€™
   41 |  main[01;31m[K [m[K[32m[Kcontrol[m[K(argc, argv);
      |      [01;31m[K^[m[K[32m[K~~~~~~~[m[K
      |      [32m[K;[m[K
[01m[K/home/straw/Documents/Spice/pink/src/water/src/auto_nav.cpp:42:2:[m[K [01;31m[Kerror: [m[Kâ€˜[01m[Kcontrol[m[Kâ€™ was not declared in this scope
   42 |  [01;31m[Kcontrol[m[K.run(10);
      |  [01;31m[K^~~~~~~[m[K
make[2]: *** [CMakeFiles/autonav.dir/build.make:63: CMakeFiles/autonav.dir/src/auto_nav.cpp.o] Error 1
make[1]: *** [CMakeFiles/Makefile2:439: CMakeFiles/autonav.dir/all] Error 2
make: *** [Makefile:141: all] Error 2
