[01m[K/home/straw/Documents/Spice/pink/src/water/src/auto_nav.cpp:[m[K In member function â€˜[01m[Kvoid start::run(int)[m[Kâ€™:
[01m[K/home/straw/Documents/Spice/pink/src/water/src/auto_nav.cpp:173:8:[m[K [01;31m[Kerror: [m[Kno match for â€˜[01m[Koperator![m[Kâ€™ (operand type is â€˜[01m[Kgeometry_msgs::TransformStamped[m[Kâ€™ {aka â€˜[01m[Kgeometry_msgs::TransformStamped_<std::allocator<void> >[m[Kâ€™})
  173 |    if ([01;31m[K!this->odom_to_map[m[K){
      |        [01;31m[K^~~~~~~~~~~~~~~~~~[m[K
[01m[K/home/straw/Documents/Spice/pink/src/water/src/auto_nav.cpp:173:8:[m[K [01;36m[Knote: [m[Kcandidate: â€˜[01m[Koperator!(bool)[m[Kâ€™ <built-in>
[01m[K/home/straw/Documents/Spice/pink/src/water/src/auto_nav.cpp:173:8:[m[K [01;36m[Knote: [m[K  no known conversion for argument 1 from â€˜[01m[Kgeometry_msgs::TransformStamped[m[Kâ€™ {aka â€˜[01m[Kgeometry_msgs::TransformStamped_<std::allocator<void> >[m[Kâ€™} to â€˜[01m[Kbool[m[Kâ€™
make[2]: *** [CMakeFiles/autonav.dir/build.make:63: CMakeFiles/autonav.dir/src/auto_nav.cpp.o] Error 1
make[1]: *** [CMakeFiles/Makefile2:209: CMakeFiles/autonav.dir/all] Error 2
make: *** [Makefile:141: all] Error 2
