[01m[K/home/straw/Documents/Spice/pink/src/simulation/src/costmap.cpp:[m[K In function â€˜[01m[Kvoid laserCallback(const ConstPtr&)[m[Kâ€™:
[01m[K/home/straw/Documents/Spice/pink/src/simulation/src/costmap.cpp:14:45:[m[K [01;31m[Kerror: [m[Kâ€˜[01m[Kclass costmap_2d::Costmap2DROS[m[Kâ€™ has no member named â€˜[01m[KgetOriginX[m[Kâ€™
   14 |   obstacle_layer->updateBounds(costmap_ros->[01;31m[KgetOriginX[m[K(), costmap_ros->getOriginY(),
      |                                             [01;31m[K^~~~~~~~~~[m[K
[01m[K/home/straw/Documents/Spice/pink/src/simulation/src/costmap.cpp:14:72:[m[K [01;31m[Kerror: [m[Kâ€˜[01m[Kclass costmap_2d::Costmap2DROS[m[Kâ€™ has no member named â€˜[01m[KgetOriginY[m[Kâ€™
   14 |   obstacle_layer->updateBounds(costmap_ros->getOriginX(), costmap_ros->[01;31m[KgetOriginY[m[K(),
      |                                                                        [01;31m[K^~~~~~~~~~[m[K
[01m[K/home/straw/Documents/Spice/pink/src/simulation/src/costmap.cpp:15:45:[m[K [01;31m[Kerror: [m[Kâ€˜[01m[Kclass costmap_2d::Costmap2DROS[m[Kâ€™ has no member named â€˜[01m[KgetSizeInCellsX[m[Kâ€™
   15 |                                costmap_ros->[01;31m[KgetSizeInCellsX[m[K(), costmap_ros->getSizeInCellsY(),
      |                                             [01;31m[K^~~~~~~~~~~~~~~[m[K
[01m[K/home/straw/Documents/Spice/pink/src/simulation/src/costmap.cpp:15:77:[m[K [01;31m[Kerror: [m[Kâ€˜[01m[Kclass costmap_2d::Costmap2DROS[m[Kâ€™ has no member named â€˜[01m[KgetSizeInCellsY[m[Kâ€™
   15 |                                costmap_ros->getSizeInCellsX(), costmap_ros->[01;31m[KgetSizeInCellsY[m[K(),
      |                                                                             [01;31m[K^~~~~~~~~~~~~~~[m[K
[01m[K/home/straw/Documents/Spice/pink/src/simulation/src/costmap.cpp:16:45:[m[K [01;31m[Kerror: [m[Kâ€˜[01m[Kclass costmap_2d::Costmap2DROS[m[Kâ€™ has no member named â€˜[01m[KgetResolution[m[Kâ€™
   16 |                                costmap_ros->[01;31m[KgetResolution[m[K(), costmap_ros->getRobotFootprint());
      |                                             [01;31m[K^~~~~~~~~~~~~[m[K
[01m[K/home/straw/Documents/Spice/pink/src/simulation/src/costmap.cpp:18:59:[m[K [01;31m[Kerror: [m[Kâ€˜[01m[Kclass costmap_2d::Costmap2DROS[m[Kâ€™ has no member named â€˜[01m[KgetStaticLayer[m[Kâ€™
   18 |   obstacle_layer->updateCosts(*costmap_ros, *costmap_ros->[01;31m[KgetStaticLayer[m[K(), costmap_ros->getCostmap());
      |                                                           [01;31m[K^~~~~~~~~~~~~~[m[K
[01m[K/home/straw/Documents/Spice/pink/src/simulation/src/costmap.cpp:[m[K In function â€˜[01m[Kint main(int, char**)[m[Kâ€™:
[01m[K/home/straw/Documents/Spice/pink/src/simulation/src/costmap.cpp:31:67:[m[K [01;31m[Kerror: [m[Kno matching function for call to â€˜[01m[Kcostmap_2d::Costmap2DROS::Costmap2DROS(const char [11], tf::TransformListener&)[m[Kâ€™
   31 |   costmap_ros.reset(new costmap_2d::Costmap2DROS("my_costmap", tf_[01;31m[K)[m[K);
      |                                                                   [01;31m[K^[m[K
In file included from [01m[K/home/straw/Documents/Spice/pink/src/simulation/src/costmap.cpp:3[m[K:
[01m[K/opt/ros/noetic/include/costmap_2d/costmap_2d_ros.h:82:3:[m[K [01;36m[Knote: [m[Kcandidate: â€˜[01m[Kcostmap_2d::Costmap2DROS::Costmap2DROS(const string&, tf2_ros::Buffer&)[m[Kâ€™
   82 |   [01;36m[KCostmap2DROS[m[K(const std::string &name, tf2_ros::Buffer& tf);
      |   [01;36m[K^~~~~~~~~~~~[m[K
[01m[K/opt/ros/noetic/include/costmap_2d/costmap_2d_ros.h:82:58:[m[K [01;36m[Knote: [m[K  no known conversion for argument 2 from â€˜[01m[Ktf::TransformListener[m[Kâ€™ to â€˜[01m[Ktf2_ros::Buffer&[m[Kâ€™
   82 |   Costmap2DROS(const std::string &name, [01;36m[Ktf2_ros::Buffer& tf[m[K);
      |                                         [01;36m[K~~~~~~~~~~~~~~~~~^~[m[K
make[2]: *** [CMakeFiles/costmap.dir/build.make:63: CMakeFiles/costmap.dir/src/costmap.cpp.o] Error 1
make[1]: *** [CMakeFiles/Makefile2:852: CMakeFiles/costmap.dir/all] Error 2
make: *** [Makefile:141: all] Error 2
